<?xml version="1.0" encoding="UTF-8"?>
<!-- Generated by org.testng.reporters.JUnitReportReporter -->
<testsuite hostname="Anil007-PC" failures="0" tests="2" name="com.guru.test.ManagerHomePageTest" time="61.075" errors="0" timestamp="2020-04-28T00:46:37 IST" skipped="0">
  <testcase classname="com.guru.test.ManagerHomePageTest" name="verifyManagerHomePageTitle" time="30.718"/>
  <system-out/>
  <testcase classname="com.guru.test.ManagerHomePageTest" name="verifyMarqeeText" time="30.357"/>
  <system-out/>
</testsuite> <!-- com.guru.test.ManagerHomePageTest -->
