<?xml version="1.0" encoding="UTF-8"?>
<!-- Generated by org.testng.reporters.JUnitReportReporter -->
<testsuite hostname="Anil007-PC" failures="0" tests="1" name="com.ecomerce.test.HomePageTest" time="33.776" errors="0" timestamp="2020-05-04T00:59:42 IST" skipped="0">
  <testcase classname="com.ecomerce.test.HomePageTest" name="homePageTest" time="33.776"/>
  <system-out/>
</testsuite> <!-- com.ecomerce.test.HomePageTest -->
