<?xml version="1.0" encoding="UTF-8"?>
<!-- Generated by org.testng.reporters.JUnitReportReporter -->
<testsuite hostname="Anil007-PC" failures="0" tests="1" name="com.ngwebdriver.test.AngularTest" time="28.693" errors="0" timestamp="2020-04-28T19:48:27 IST" skipped="0">
  <testcase classname="com.ngwebdriver.test.AngularTest" name="angularTest" time="28.693"/>
  <system-out/>
</testsuite> <!-- com.ngwebdriver.test.AngularTest -->
