<?xml version="1.0" encoding="UTF-8"?>
<!-- Generated by org.testng.reporters.JUnitReportReporter -->
<testsuite hostname="Anil007-PC" failures="0" tests="1" name="com.radioButton.test.HandleDynamicRadioButton" time="1165.703" errors="0" timestamp="2020-04-28T00:21:24 IST" skipped="0">
  <testcase classname="com.radioButton.test.HandleDynamicRadioButton" name="radioBtnTest" time="1165.703"/>
  <system-out/>
</testsuite> <!-- com.radioButton.test.HandleDynamicRadioButton -->
