<?xml version="1.0" encoding="UTF-8"?>
<!-- Generated by org.testng.reporters.JUnitReportReporter -->
<testsuite hostname="Anil007-PC" failures="0" tests="1" name="com.guru.test.ManagerHomePageTest" time="40.226" errors="0" timestamp="2020-05-02T12:44:46 IST" skipped="0">
  <testcase classname="com.guru.test.ManagerHomePageTest" name="verfiyMangerId" time="40.226"/>
  <system-out/>
</testsuite> <!-- com.guru.test.ManagerHomePageTest -->
